Determining if the pthread_create exist failed with the following output:
Change Dir: /home/paulo/.gazebo/gazebo_models/cutting_lasagna/plugins/build/CMakeFiles/CMakeTmp

Run Build Command:/usr/bin/make "cmTryCompileExec3790729352/fast"
/usr/bin/make -f CMakeFiles/cmTryCompileExec3790729352.dir/build.make CMakeFiles/cmTryCompileExec3790729352.dir/build
make[1]: Entering directory `/home/paulo/.gazebo/gazebo_models/cutting_lasagna/plugins/build/CMakeFiles/CMakeTmp'
/usr/bin/cmake -E cmake_progress_report /home/paulo/.gazebo/gazebo_models/cutting_lasagna/plugins/build/CMakeFiles/CMakeTmp/CMakeFiles 1
Building C object CMakeFiles/cmTryCompileExec3790729352.dir/CheckSymbolExists.c.o
/usr/bin/cc    -o CMakeFiles/cmTryCompileExec3790729352.dir/CheckSymbolExists.c.o   -c /home/paulo/.gazebo/gazebo_models/cutting_lasagna/plugins/build/CMakeFiles/CMakeTmp/CheckSymbolExists.c
Linking C executable cmTryCompileExec3790729352
/usr/bin/cmake -E cmake_link_script CMakeFiles/cmTryCompileExec3790729352.dir/link.txt --verbose=1
/usr/bin/cc       CMakeFiles/cmTryCompileExec3790729352.dir/CheckSymbolExists.c.o  -o cmTryCompileExec3790729352 -rdynamic 
CMakeFiles/cmTryCompileExec3790729352.dir/CheckSymbolExists.c.o: In function `main':
CheckSymbolExists.c:(.text+0x16): undefined reference to `pthread_create'
collect2: error: ld returned 1 exit status
make[1]: *** [cmTryCompileExec3790729352] Error 1
make[1]: Leaving directory `/home/paulo/.gazebo/gazebo_models/cutting_lasagna/plugins/build/CMakeFiles/CMakeTmp'
make: *** [cmTryCompileExec3790729352/fast] Error 2

File /home/paulo/.gazebo/gazebo_models/cutting_lasagna/plugins/build/CMakeFiles/CMakeTmp/CheckSymbolExists.c:
/* */
#include <pthread.h>

int main(int argc, char** argv)
{
  (void)argv;
#ifndef pthread_create
  return ((int*)(&pthread_create))[argc];
#else
  (void)argc;
  return 0;
#endif
}

Determining if the function pthread_create exists in the pthreads failed with the following output:
Change Dir: /home/paulo/.gazebo/gazebo_models/cutting_lasagna/plugins/build/CMakeFiles/CMakeTmp

Run Build Command:/usr/bin/make "cmTryCompileExec1472213481/fast"
/usr/bin/make -f CMakeFiles/cmTryCompileExec1472213481.dir/build.make CMakeFiles/cmTryCompileExec1472213481.dir/build
make[1]: Entering directory `/home/paulo/.gazebo/gazebo_models/cutting_lasagna/plugins/build/CMakeFiles/CMakeTmp'
/usr/bin/cmake -E cmake_progress_report /home/paulo/.gazebo/gazebo_models/cutting_lasagna/plugins/build/CMakeFiles/CMakeTmp/CMakeFiles 1
Building C object CMakeFiles/cmTryCompileExec1472213481.dir/CheckFunctionExists.c.o
/usr/bin/cc   -DCHECK_FUNCTION_EXISTS=pthread_create   -o CMakeFiles/cmTryCompileExec1472213481.dir/CheckFunctionExists.c.o   -c /usr/share/cmake-2.8/Modules/CheckFunctionExists.c
Linking C executable cmTryCompileExec1472213481
/usr/bin/cmake -E cmake_link_script CMakeFiles/cmTryCompileExec1472213481.dir/link.txt --verbose=1
/usr/bin/cc   -DCHECK_FUNCTION_EXISTS=pthread_create    CMakeFiles/cmTryCompileExec1472213481.dir/CheckFunctionExists.c.o  -o cmTryCompileExec1472213481 -rdynamic -lpthreads 
/usr/bin/ld: cannot find -lpthreads
collect2: error: ld returned 1 exit status
make[1]: *** [cmTryCompileExec1472213481] Error 1
make[1]: Leaving directory `/home/paulo/.gazebo/gazebo_models/cutting_lasagna/plugins/build/CMakeFiles/CMakeTmp'
make: *** [cmTryCompileExec1472213481/fast] Error 2


